[0.509s] Invoking command in '/home/ros/robot_ws/build/serial_motor_demo': AMENT_PREFIX_PATH=/home/ros/robot_ws/install/serial_motor_demo_msgs:${AMENT_PREFIX_PATH} CMAKE_PREFIX_PATH=/home/ros/robot_ws/install/serial_motor_demo_msgs:${CMAKE_PREFIX_PATH} LD_LIBRARY_PATH=/home/ros/robot_ws/install/serial_motor_demo_msgs/lib:${LD_LIBRARY_PATH} PYTHONPATH=/home/ros/robot_ws/build/serial_motor_demo/prefix_override:/home/ros/robot_ws/install/serial_motor_demo/lib/python3.8/site-packages:/home/ros/robot_ws/install/serial_motor_demo_msgs/lib/python3.8/site-packages:${PYTHONPATH} /usr/bin/python3 -W ignore:setup.py install is deprecated setup.py develop --editable --build-directory /home/ros/robot_ws/build/serial_motor_demo/build --no-deps symlink_data
[0.701s] running develop
[0.805s] running egg_info
[0.805s] creating serial_motor_demo.egg-info
[0.805s] writing serial_motor_demo.egg-info/PKG-INFO
[0.805s] writing dependency_links to serial_motor_demo.egg-info/dependency_links.txt
[0.805s] writing entry points to serial_motor_demo.egg-info/entry_points.txt
[0.805s] writing requirements to serial_motor_demo.egg-info/requires.txt
[0.805s] writing top-level names to serial_motor_demo.egg-info/top_level.txt
[0.806s] writing manifest file 'serial_motor_demo.egg-info/SOURCES.txt'
[0.832s] reading manifest file 'serial_motor_demo.egg-info/SOURCES.txt'
[0.832s] writing manifest file 'serial_motor_demo.egg-info/SOURCES.txt'
[0.861s] running build_ext
[0.861s] Creating /home/ros/robot_ws/install/serial_motor_demo/lib/python3.8/site-packages/site.py
[0.863s] Creating /home/ros/robot_ws/install/serial_motor_demo/lib/python3.8/site-packages/serial-motor-demo.egg-link (link to .)
[0.864s] Installing driver script to /home/ros/robot_ws/install/serial_motor_demo/lib/serial_motor_demo
[0.864s] Installing gui script to /home/ros/robot_ws/install/serial_motor_demo/lib/serial_motor_demo
[0.864s] 
[0.864s] Installed /home/ros/robot_ws/build/serial_motor_demo
[0.864s] running symlink_data
[0.864s] creating /home/ros/robot_ws/install/serial_motor_demo/share/ament_index
[0.864s] creating /home/ros/robot_ws/install/serial_motor_demo/share/ament_index/resource_index
[0.864s] creating /home/ros/robot_ws/install/serial_motor_demo/share/ament_index/resource_index/packages
[0.864s] symbolically linking /home/ros/robot_ws/build/serial_motor_demo/resource/serial_motor_demo -> /home/ros/robot_ws/install/serial_motor_demo/share/ament_index/resource_index/packages
[0.864s] symbolically linking /home/ros/robot_ws/build/serial_motor_demo/package.xml -> /home/ros/robot_ws/install/serial_motor_demo/share/serial_motor_demo
[0.886s] Invoked command in '/home/ros/robot_ws/build/serial_motor_demo' returned '0': AMENT_PREFIX_PATH=/home/ros/robot_ws/install/serial_motor_demo_msgs:${AMENT_PREFIX_PATH} CMAKE_PREFIX_PATH=/home/ros/robot_ws/install/serial_motor_demo_msgs:${CMAKE_PREFIX_PATH} LD_LIBRARY_PATH=/home/ros/robot_ws/install/serial_motor_demo_msgs/lib:${LD_LIBRARY_PATH} PYTHONPATH=/home/ros/robot_ws/build/serial_motor_demo/prefix_override:/home/ros/robot_ws/install/serial_motor_demo/lib/python3.8/site-packages:/home/ros/robot_ws/install/serial_motor_demo_msgs/lib/python3.8/site-packages:${PYTHONPATH} /usr/bin/python3 -W ignore:setup.py install is deprecated setup.py develop --editable --build-directory /home/ros/robot_ws/build/serial_motor_demo/build --no-deps symlink_data
