running develop
running egg_info
creating rl_node.egg-info
writing rl_node.egg-info/PKG-INFO
writing dependency_links to rl_node.egg-info/dependency_links.txt
writing entry points to rl_node.egg-info/entry_points.txt
writing requirements to rl_node.egg-info/requires.txt
writing top-level names to rl_node.egg-info/top_level.txt
writing manifest file 'rl_node.egg-info/SOURCES.txt'
reading manifest file 'rl_node.egg-info/SOURCES.txt'
writing manifest file 'rl_node.egg-info/SOURCES.txt'
running build_ext
Creating /home/ros/robot_ws/install/rl_node/lib/python3.8/site-packages/site.py
Creating /home/ros/robot_ws/install/rl_node/lib/python3.8/site-packages/rl-node.egg-link (link to .)
Installing rl_driving_node script to /home/ros/robot_ws/install/rl_node/lib/rl_node

Installed /home/ros/robot_ws/build/rl_node
running symlink_data
creating /home/ros/robot_ws/install/rl_node/share/ament_index
creating /home/ros/robot_ws/install/rl_node/share/ament_index/resource_index
creating /home/ros/robot_ws/install/rl_node/share/ament_index/resource_index/packages
symbolically linking /home/ros/robot_ws/build/rl_node/resource/rl_node -> /home/ros/robot_ws/install/rl_node/share/ament_index/resource_index/packages
symbolically linking /home/ros/robot_ws/build/rl_node/package.xml -> /home/ros/robot_ws/install/rl_node/share/rl_node
